0 info it worked if it ends with ok
1 verbose cli [ 'node', '/usr/local/bin/npm', 'i', 'crowbar' ]
2 info using npm@1.4.24
3 info using node@v0.10.30
4 warn package.json mojo-router@0.5.4 No repository field.
5 verbose readDependencies using package.json deps
6 verbose cache add [ 'crowbar@0.2.x', null ]
7 verbose cache add name=undefined spec="crowbar@0.2.x" args=["crowbar@0.2.x",null]
8 verbose parsed url { protocol: null,
8 verbose parsed url   slashes: null,
8 verbose parsed url   auth: null,
8 verbose parsed url   host: null,
8 verbose parsed url   port: null,
8 verbose parsed url   hostname: null,
8 verbose parsed url   hash: null,
8 verbose parsed url   search: null,
8 verbose parsed url   query: null,
8 verbose parsed url   pathname: 'crowbar@0.2.x',
8 verbose parsed url   path: 'crowbar@0.2.x',
8 verbose parsed url   href: 'crowbar@0.2.x' }
9 verbose cache add name="crowbar" spec="0.2.x" args=["crowbar","0.2.x"]
10 verbose parsed url { protocol: null,
10 verbose parsed url   slashes: null,
10 verbose parsed url   auth: null,
10 verbose parsed url   host: null,
10 verbose parsed url   port: null,
10 verbose parsed url   hostname: null,
10 verbose parsed url   hash: null,
10 verbose parsed url   search: null,
10 verbose parsed url   query: null,
10 verbose parsed url   pathname: '0.2.x',
10 verbose parsed url   path: '0.2.x',
10 verbose parsed url   href: '0.2.x' }
11 verbose addNamed [ 'crowbar', '0.2.x' ]
12 verbose addNamed [ null, '>=0.2.0-0 <0.3.0-0' ]
13 silly lockFile e19023d6-crowbar-0-2-x crowbar@0.2.x
14 verbose lock crowbar@0.2.x /Users/craig/.npm/e19023d6-crowbar-0-2-x.lock
15 silly addNameRange { name: 'crowbar', range: '>=0.2.0-0 <0.3.0-0', hasData: false }
16 verbose request where is /crowbar
17 verbose request registry http://registry.npmjs.org/
18 verbose request id f11fe70d669d5942
19 verbose url raw /crowbar
20 verbose url resolving [ 'http://registry.npmjs.org/', './crowbar' ]
21 verbose url resolved http://registry.npmjs.org/crowbar
22 verbose request where is http://registry.npmjs.org/crowbar
23 info trying registry request attempt 1 at 22:25:53
24 http GET http://registry.npmjs.org/crowbar
25 http 200 http://registry.npmjs.org/crowbar
26 silly registry.get cb [ 200,
26 silly registry.get   { server: 'CouchDB/1.5.0 (Erlang OTP/R16B03)',
26 silly registry.get     etag: '"EAUBIHN604F7MVAIKMVUEWJAI"',
26 silly registry.get     'content-type': 'application/json',
26 silly registry.get     'cache-control': 'max-age=60',
26 silly registry.get     'content-length': '48592',
26 silly registry.get     'accept-ranges': 'bytes',
26 silly registry.get     date: 'Fri, 10 Oct 2014 05:25:53 GMT',
26 silly registry.get     via: '1.1 varnish',
26 silly registry.get     age: '533',
26 silly registry.get     connection: 'keep-alive',
26 silly registry.get     'x-served-by': 'cache-lax1430-LAX',
26 silly registry.get     'x-cache': 'MISS',
26 silly registry.get     'x-cache-hits': '0',
26 silly registry.get     'x-timer': 'S1412918753.256619,VS0,VE170',
26 silly registry.get     vary: 'Accept' } ]
27 silly addNameRange number 2 { name: 'crowbar', range: '>=0.2.0-0 <0.3.0-0', hasData: true }
28 silly addNameRange versions [ 'crowbar',
28 silly addNameRange   [ '0.0.0',
28 silly addNameRange     '0.1.3',
28 silly addNameRange     '0.1.5',
28 silly addNameRange     '0.1.6',
28 silly addNameRange     '0.1.7',
28 silly addNameRange     '0.1.8',
28 silly addNameRange     '0.1.9',
28 silly addNameRange     '0.1.10',
28 silly addNameRange     '0.1.11',
28 silly addNameRange     '0.1.12',
28 silly addNameRange     '0.1.13',
28 silly addNameRange     '0.1.14',
28 silly addNameRange     '0.1.15',
28 silly addNameRange     '0.1.16',
28 silly addNameRange     '0.1.18',
28 silly addNameRange     '0.1.19',
28 silly addNameRange     '0.1.21',
28 silly addNameRange     '0.1.22',
28 silly addNameRange     '0.1.23',
28 silly addNameRange     '0.1.24',
28 silly addNameRange     '0.1.25',
28 silly addNameRange     '0.1.26',
28 silly addNameRange     '0.1.27',
28 silly addNameRange     '0.1.28',
28 silly addNameRange     '0.1.29',
28 silly addNameRange     '0.1.30',
28 silly addNameRange     '0.1.31',
28 silly addNameRange     '0.1.32',
28 silly addNameRange     '0.1.33' ] ]
29 silly lockFile e19023d6-crowbar-0-2-x crowbar@0.2.x
30 silly lockFile e19023d6-crowbar-0-2-x crowbar@0.2.x
31 error notarget No compatible version found: crowbar@'>=0.2.0-0 <0.3.0-0'
31 error notarget Valid install targets:
31 error notarget ["0.0.0","0.1.3","0.1.5","0.1.6","0.1.7","0.1.8","0.1.9","0.1.10","0.1.11","0.1.12","0.1.13","0.1.14","0.1.15","0.1.16","0.1.18","0.1.19","0.1.21","0.1.22","0.1.23","0.1.24","0.1.25","0.1.26","0.1.27","0.1.28","0.1.29","0.1.30","0.1.31","0.1.32","0.1.33"]
31 error notarget
31 error notarget This is most likely not a problem with npm itself.
31 error notarget In most cases you or one of your dependencies are requesting
31 error notarget a package version that doesn't exist.
32 error System Darwin 13.4.0
33 error command "node" "/usr/local/bin/npm" "i" "crowbar"
34 error cwd /Users/craig/Developer/Public/mojo-router
35 error node -v v0.10.30
36 error npm -v 1.4.24
37 error code ETARGET
38 verbose exit [ 1, true ]
